                               +--------------+
----------------------------- { Script And Files }  ---------------------------------
                               +--------------+

	Script Log File : /home/paxterra/Documents/AptanaWorkspace/OpenFlowAutomation/logs//StepParams_18_Nov_2012_19_06_14/StepParams_18_Nov_2012_19_06_14.log
	Test Script :/home/paxterra/Documents/AptanaWorkspace/OpenFlowAutomationTests/StepParams.py
	Test Params : /home/paxterra/Documents/AptanaWorkspace/OpenFlowAutomationTests/StepParams.params
	Topology : /home/paxterra/Documents/AptanaWorkspace/OpenFlowAutomationTests/StepParams.tpl
                             +----------------------+
----------------------------- { Script Exec Params }  -------------------------
                             +----------------------+

	
	'CASE1': 
	'STEP1': 
	'host': 'h2'
	
	
	 'mail': 'paxweb@paxterrasolutions.com'
	 'testcases': '[1
	2]'
	 'CASE2': 
	'STEP1': 
	'host': 'h3'
	
	
	 'log_dir': '/home/user/Desktop/openflow_logs/'
	

                             +-----------------+
----------------------------- { Components Used }  ---------------------------------
                             +-----------------+
	POX2
	Mininet1


                             +--------------+
----------------------------- { Topology }  ---------------------------------
                             +--------------+

	
	'POX2': 
	'host': '192.168.56.101'
	 'password': 'openflow'
	 'type': 'POX'
	 'user': 'openflow'
	 'OPTIONS': 
	'component': 'samples.of_tutorial'
	 'log_level': 'DEBUG'
	
	
	 'Mininet1': 
	'host': '192.168.56.101'
	 'password': 'openflow'
	 'type': 'Mininet'
	 'user': 'openflow'
	 'OPTIONS': 
	'topo': 'single'
	 'topocount': '3'
	 'switch': 'ovsk'
	 'controller': 'remote'
	
	
	
------------------------------------------------------------------------------------------------------------------


************************************
 CASE INIT 
*************************************

2012-11-18 19:06:14,036 - StepParams - INFO - Creating component Handle: POX2
2012-11-18 19:06:16,579 - StepParams - INFO - Creating component Handle: Mininet1
2012-11-18 19:06:19,000 - StepParams - INFO - Clearing any residual state or processes
2012-11-18 19:06:19,201 - StepParams - INFO - Creating Virtual network in the VirtualMachine
2012-11-18 19:06:21,276 - StepParams - INFO - Virtual network Created Successfully


*****************************
 Result summary for Testcase1
*****************************


[2012-11-18 19:06:21.276646] [StepParams] [CASE]  Using STEP level parameters to specify the host as h2

[2012-11-18 19:06:21.276736] [StepParams] [STEP]  1.1: Host IP Checking using checkIP
2012-11-18 19:06:21,431 - StepParams - INFO - Host Ip configured properly
2012-11-18 19:06:21,431 - StepParams - INFO - Assertion Passed

[2012-11-18 19:06:21.432114] [StepParams] [STEP]  1.2: Verifying the result
2012-11-18 19:06:21,432 - StepParams - INFO - Host h2 IP address configured
2012-11-18 19:06:21,432 - StepParams - INFO - Assertion Passed


**********************************
 Result: Pass 
***********************************



*****************************
 Result summary for Testcase2
*****************************


[2012-11-18 19:06:21.432690] [StepParams] [CASE]  Using STEP level parameters to specify the host as h3

[2012-11-18 19:06:21.432762] [StepParams] [STEP]  2.1: Host IP Checking using checkIP
2012-11-18 19:06:21,581 - StepParams - INFO - Host Ip configured properly
2012-11-18 19:06:21,581 - StepParams - INFO - Assertion Passed

[2012-11-18 19:06:21.581698] [StepParams] [STEP]  2.2: Verifying the result
2012-11-18 19:06:21,581 - StepParams - INFO - Host h3 IP address configured
2012-11-18 19:06:21,581 - StepParams - INFO - Assertion Passed


**********************************
 Result: Pass 
***********************************




 ******************************
	Test Execution Summary

 ******************************

 Test Start           : 18 Nov 2012 19:06:14
 Test End             : 18 Nov 2012 19:06:21
 Execution Time       : 0:00:07.949868
 Total tests planned  : 2
 Total tests RUN      : 2
 Total Pass           : 2
 Total Fail           : 0
 Total No Result      : 0
 Success Percentage   : 100%
 Execution Result     : 100%
