                               +--------------+
----------------------------- { Script And Files }  ---------------------------------
                               +--------------+

	Script Log File : /home/paxterra/Documents/AptanaWorkspace/OpenFlowAutomation/logs//Assert_18_Nov_2012_20_19_18/Assert_18_Nov_2012_20_19_18.log
	Test Script :/home/paxterra/Documents/AptanaWorkspace/OpenFlowAutomationTests/Assert.py
	Test Params : /home/paxterra/Documents/AptanaWorkspace/OpenFlowAutomationTests/Assert.params
	Topology : /home/paxterra/Documents/AptanaWorkspace/OpenFlowAutomationTests/Assert.tpl
                             +----------------------+
----------------------------- { Script Exec Params }  -------------------------
                             +----------------------+

	
	'testcases': '[1]'
	

                             +-----------------+
----------------------------- { Components Used }  ---------------------------------
                             +-----------------+


                             +--------------+
----------------------------- { Topology }  ---------------------------------
                             +--------------+

	
	
	
------------------------------------------------------------------------------------------------------------------


************************************
 CASE INIT 
*************************************



*****************************
 Result summary for Testcase1
*****************************


[2012-11-18 20:19:18.451465] [Assert] [CASE]  Using assert to verify the result 

[2012-11-18 20:19:18.451572] [Assert] [STEP]  1.1: Using assert_equal to verify the result is equivalent or not
2012-11-18 20:19:18,453 - Assert - INFO - Verifying the Expected is equal to the actual or not using assert_equal
2012-11-18 20:19:18,453 - Assert - INFO - 1 is equal to 1
2012-11-18 20:19:18,454 - Assert - INFO - Assertion Passed

[2012-11-18 20:19:18.454177] [Assert] [STEP]  1.2: Using assert_matches to verify the result matches or not
2012-11-18 20:19:18,454 - Assert - INFO - Res(.*) is matches to Result
2012-11-18 20:19:18,454 - Assert - INFO - Assertion Passed

[2012-11-18 20:19:18.454775] [Assert] [STEP]  1.3: Using assert_greater to verify the result greater or not
2012-11-18 20:19:18,454 - Assert - INFO - Verifying the Expected is Greater than the actual or not using assert_greater
2012-11-18 20:19:18,455 - Assert - INFO - 10 greater than the 5
2012-11-18 20:19:18,455 - Assert - INFO - Assertion Passed

[2012-11-18 20:19:18.455287] [Assert] [STEP]  1.4: Using assert_greater to verify the result lesser or not
2012-11-18 20:19:18,455 - Assert - INFO - Verifying the Expected is Lesser than the actual or not using assert_lesser
2012-11-18 20:19:18,455 - Assert - INFO - 5 is lesser than the 10
2012-11-18 20:19:18,455 - Assert - INFO - Assertion Passed


**********************************
 Result: Pass 
***********************************




 ******************************
	Test Execution Summary

 ******************************

 Test Start           : 18 Nov 2012 20:19:18
 Test End             : 18 Nov 2012 20:19:18
 Execution Time       : 0:00:00.005522
 Total tests planned  : 1
 Total tests RUN      : 1
 Total Pass           : 1
 Total Fail           : 0
 Total No Result      : 0
 Success Percentage   : 100%
 Execution Result     : 100%
