                               +--------------+
----------------------------- { Script And Files }  ---------------------------------
                               +--------------+

	Script Log File : /home/paxterra/Documents/AptanaWorkspace/OpenFlowAutomation/logs//CaseParams_18_Nov_2012_18_50_31/CaseParams_18_Nov_2012_18_50_31.log
	Test Script :/home/paxterra/Documents/AptanaWorkspace/OpenFlowAutomationTests/CaseParams.py
	Test Params : /home/paxterra/Documents/AptanaWorkspace/OpenFlowAutomationTests/CaseParams.params
	Topology : /home/paxterra/Documents/AptanaWorkspace/OpenFlowAutomationTests/CaseParams.tpl
                             +----------------------+
----------------------------- { Script Exec Params }  -------------------------
                             +----------------------+

	
	'CASE1': 
	'destination': 'h2'
	
	 'mail': 'paxweb@paxterrasolutions.com'
	 'testcases': '[1
	2]'
	 'CASE2': 
	'destination': 'h3'
	
	 'log_dir': '/home/user/Desktop/openflow_logs/'
	

                             +-----------------+
----------------------------- { Components Used }  ---------------------------------
                             +-----------------+
	POX2
	Mininet1


                             +--------------+
----------------------------- { Topology }  ---------------------------------
                             +--------------+

	
	'POX2': 
	'host': '192.168.56.101'
	 'password': 'openflow'
	 'type': 'POX'
	 'user': 'openflow'
	 'OPTIONS': 
	'component': 'samples.of_tutorial'
	 'log_level': 'DEBUG'
	
	
	 'Mininet1': 
	'host': '192.168.56.101'
	 'password': 'openflow'
	 'type': 'Mininet'
	 'user': 'openflow'
	 'OPTIONS': 
	'topo': 'single'
	 'topocount': '3'
	 'switch': 'ovsk'
	 'controller': 'remote'
	
	
	
------------------------------------------------------------------------------------------------------------------


************************************
 CASE INIT 
*************************************

2012-11-18 18:50:31,763 - CaseParams - INFO - Creating component Handle: POX2
2012-11-18 18:50:34,327 - CaseParams - INFO - Creating component Handle: Mininet1
2012-11-18 18:50:36,612 - CaseParams - INFO - Clearing any residual state or processes
2012-11-18 18:50:36,813 - CaseParams - INFO - Creating Virtual network in the VirtualMachine
2012-11-18 18:50:38,660 - CaseParams - INFO - Virtual network Created Successfully


*****************************
 Result summary for Testcase1
*****************************


[2012-11-18 18:50:38.661039] [CaseParams] [CASE]  Using CASE level parameters to specify the host as h2

[2012-11-18 18:50:38.661121] [CaseParams] [STEP]  1.1: Host IP Checking using checkIP
2012-11-18 18:50:38,812 - CaseParams - INFO - Host Ip configured properly
2012-11-18 18:50:38,812 - CaseParams - INFO - Assertion Passed

[2012-11-18 18:50:38.812438] [CaseParams] [STEP]  1.2: Verifying the result
2012-11-18 18:50:38,812 - CaseParams - INFO - Host h2 IP address configured
2012-11-18 18:50:38,812 - CaseParams - INFO - Assertion Passed


**********************************
 Result: Pass 
***********************************



*****************************
 Result summary for Testcase2
*****************************


[2012-11-18 18:50:38.812994] [CaseParams] [CASE]  Using CASE level parameters to specify the host as h3

[2012-11-18 18:50:38.813064] [CaseParams] [STEP]  2.1: Host IP Checking using checkIP
2012-11-18 18:50:38,956 - CaseParams - INFO - Host Ip configured properly
2012-11-18 18:50:38,956 - CaseParams - INFO - Assertion Passed

[2012-11-18 18:50:38.956700] [CaseParams] [STEP]  2.2: Verifying the result
2012-11-18 18:50:38,956 - CaseParams - INFO - Host h3 IP address configured
2012-11-18 18:50:38,956 - CaseParams - INFO - Assertion Passed


**********************************
 Result: Pass 
***********************************




 ******************************
	Test Execution Summary

 ******************************

 Test Start           : 18 Nov 2012 18:50:31
 Test End             : 18 Nov 2012 18:50:39
 Execution Time       : 0:00:07.595509
 Total tests planned  : 2
 Total tests RUN      : 2
 Total Pass           : 2
 Total Fail           : 0
 Total No Result      : 0
 Success Percentage   : 100%
 Execution Result     : 100%
