                               +--------------+
----------------------------- { Script And Files }  ---------------------------------
                               +--------------+

	Script Log File : /home/paxterra/Documents/AptanaWorkspace/OpenFlowAutomation/logs//Topology_18_Nov_2012_20_35_48/Topology_18_Nov_2012_20_35_48.log
	Test Script :/home/paxterra/Documents/AptanaWorkspace/OpenFlowAutomationTests/Topology.py
	Test Params : /home/paxterra/Documents/AptanaWorkspace/OpenFlowAutomationTests/Topology.params
	Topology : /home/paxterra/Documents/AptanaWorkspace/OpenFlowAutomationTests/Topology.tpl
                             +----------------------+
----------------------------- { Script Exec Params }  -------------------------
                             +----------------------+

	
	'CASE1': 
	'destination': 'h2'
	
	 'mail': 'paxweb@paxterrasolutions.com'
	 'testcases': '[1]'
	 'log_dir': '/home/user/Desktop/openflow_logs/'
	

                             +-----------------+
----------------------------- { Components Used }  ---------------------------------
                             +-----------------+
	POX2
	Mininet1


                             +--------------+
----------------------------- { Topology }  ---------------------------------
                             +--------------+

	
	'POX2': 
	'host': '192.168.56.101'
	 'password': 'openflow'
	 'type': 'POX'
	 'user': 'openflow'
	 'OPTIONS': 
	'component': 'samples.of_tutorial'
	 'log_level': 'DEBUG'
	
	
	 'Mininet1': 
	'host': '192.168.56.101'
	 'password': 'openflow'
	 'type': 'Mininet'
	 'user': 'openflow'
	 'OPTIONS': 
	'topo': 'single'
	 'topocount': '3'
	 'switch': 'ovsk'
	 'controller': 'remote'
	
	
	
------------------------------------------------------------------------------------------------------------------


************************************
 CASE INIT 
*************************************

2012-11-18 20:35:48,672 - Topology - INFO - Creating component Handle: POX2
2012-11-18 20:35:51,409 - Topology - INFO - Creating component Handle: Mininet1
2012-11-18 20:35:53,876 - Topology - INFO - Clearing any residual state or processes
2012-11-18 20:35:54,077 - Topology - INFO - Creating Virtual network in the VirtualMachine
2012-11-18 20:35:56,316 - Topology - INFO - Virtual network Created Successfully


*****************************
 Result summary for Testcase1
*****************************


[2012-11-18 20:35:56.317068] [Topology] [CASE]  Usage of Topology

[2012-11-18 20:35:56.317173] [Topology] [STEP]  1.1: Mininet1 specified in Topology , using the Mininet1 to check host ip
2012-11-18 20:35:56,475 - Topology - INFO - Host Ip configured properly
2012-11-18 20:35:56,475 - Topology - INFO - Assertion Passed

[2012-11-18 20:35:56.476101] [Topology] [STEP]  1.2: Verifying the result
2012-11-18 20:35:56,476 - Topology - INFO - Verifying the Expected is equal to the actual or not using assert_equal
2012-11-18 20:35:56,476 - Topology - INFO - Host h2 IP address configured
2012-11-18 20:35:56,476 - Topology - INFO - Assertion Passed


**********************************
 Result: Pass 
***********************************




 ******************************
	Test Execution Summary

 ******************************

 Test Start           : 18 Nov 2012 20:35:48
 Test End             : 18 Nov 2012 20:35:56
 Execution Time       : 0:00:08.206710
 Total tests planned  : 1
 Total tests RUN      : 1
 Total Pass           : 1
 Total Fail           : 0
 Total No Result      : 0
 Success Percentage   : 100%
 Execution Result     : 100%
