
                                +----------------+
------------------------------ { Script And Files }  ------------------------------
                                +----------------+

	Script Log File : /home/paxterra/Documents/anilkumars_workspace/OFAutomation/logs/Assert_11_Feb_2013_19_54_29/Assert_11_Feb_2013_19_54_29.log
	Report Log File : /home/paxterra/Documents/anilkumars_workspace/OFAutomation/logs/Assert_11_Feb_2013_19_54_29/Assert_11_Feb_2013_19_54_29.rpt
	Test Script :/home/paxterra/Documents/anilkumars_workspace/OFAutomation/Tests/Assert.py
	Test Params : /home/paxterra/Documents/anilkumars_workspace/OFAutomation/Tests/Assert.params
	Topology : /home/paxterra/Documents/anilkumars_workspace/OFAutomation/Tests/Assert.tpl
                              +------------------+
---------------------------  { Script Exec Params }  ---------------------------
                              +------------------+

	
	'testcases': '1'
	

                               +---------------+
----------------------------- { Components Used }  -----------------------------
                               +---------------+


                              +--------+
---------------------------- { Topology }  ----------------------------
                              +--------+

	
------------------------------------------------------------


******************************
 CASE INIT 
******************************



******************************
 Result summary for Testcase1
******************************


[2013-02-11 19:54:29.386622] [Assert] [CASE]  Using assert to verify the result

[2013-02-11 19:54:29.386779] [Assert] [STEP]  INIT : Initializing the test case :Using assert to verify the result

[2013-02-11 19:54:29.386989] [Assert] [STEP]  1.1: Using assert_equal to verify the result is equivalent or not
2013-02-11 19:54:29,387 - Assert - INFO - Verifying the Expected is equal to the actual or not using assert_equal
2013-02-11 19:54:29,388 - Assert - INFO - expect is equal to actual
2013-02-11 19:54:29,388 - Assert - INFO - Assertion Passed

[2013-02-11 19:54:29.388364] [Assert] [STEP]  1.2: Using assert_matches to verify the result matches or not
2013-02-11 19:54:29,388 - Assert - INFO - expect is macthes to actual
2013-02-11 19:54:29,388 - Assert - INFO - Assertion Passed

[2013-02-11 19:54:29.389131] [Assert] [STEP]  1.3: Using assert_greater to verify the result greater or not
2013-02-11 19:54:29,389 - Assert - INFO - Verifying the Expected is Greater than the actual or not using assert_greater
2013-02-11 19:54:29,389 - Assert - ERROR - expect is not greater than the actual
2013-02-11 19:54:29,389 - Assert - WARNING - Assertion Failed

[2013-02-11 19:54:29.390134] [Assert] [STEP]  1.4: Using assert_lesser to verify the result lesser or not
2013-02-11 19:54:29,390 - Assert - INFO - Verifying the Expected is Lesser than the actual or not using assert_lesser
2013-02-11 19:54:29,390 - Assert - ERROR - expect is not lesser than the actual
2013-02-11 19:54:29,390 - Assert - WARNING - Assertion Failed


*****************************
 Result: Failed 
*****************************




*************************************
	Test Execution Summary

************************************* 

 Test Start           : 11 Feb 2013 19:54:29
 Test End             : 11 Feb 2013 19:54:29
 Execution Time       : 0:00:00.007849
 Total tests planned  : 1
 Total tests RUN      : 1
 Total Pass           : 0
 Total Fail           : 1
 Total No Result      : 0
 Success Percentage   : 0%
 Execution Result     : 100%
